\BOOKMARK [1][-]{section.1}{Introduction}{}% 1
\BOOKMARK [1][-]{section.2}{Le jeu}{}% 2
\BOOKMARK [2][-]{subsection.2.1}{But}{section.2}% 3
\BOOKMARK [2][-]{subsection.2.2}{Factions}{section.2}% 4
\BOOKMARK [2][-]{subsection.2.3}{Unit\351s}{section.2}% 5
\BOOKMARK [2][-]{subsection.2.4}{Items}{section.2}% 6
\BOOKMARK [2][-]{subsection.2.5}{Plateau du jeu}{section.2}% 7
\BOOKMARK [3][-]{subsubsection.2.5.1}{Type de cases}{subsection.2.5}% 8
\BOOKMARK [3][-]{subsubsection.2.5.2}{Caract\350ristiques du terrain}{subsection.2.5}% 9
\BOOKMARK [2][-]{subsection.2.6}{Tour par tour}{section.2}% 10
\BOOKMARK [3][-]{subsubsection.2.6.1}{Mouvement}{subsection.2.6}% 11
\BOOKMARK [3][-]{subsubsection.2.6.2}{Attaque}{subsection.2.6}% 12
\BOOKMARK [2][-]{subsection.2.7}{Intelligence Artificielle}{section.2}% 13
\BOOKMARK [1][-]{section.3}{R\351partition du travail}{}% 14
\BOOKMARK [2][-]{subsection.3.1}{NGUYEN THIET}{section.3}% 15
\BOOKMARK [2][-]{subsection.3.2}{KOBAYASHI}{section.3}% 16
\BOOKMARK [1][-]{section.4}{D\351veloppement du jeu}{}% 17
\BOOKMARK [1][-]{section.5}{Quelques explications}{}% 18
\BOOKMARK [2][-]{subsection.5.1}{Contexte \046 Boucle principale}{section.5}% 19
\BOOKMARK [2][-]{subsection.5.2}{Plateau du jeu}{section.5}% 20
\BOOKMARK [3][-]{subsubsection.5.2.1}{MTIle.t}{subsection.5.2}% 21
\BOOKMARK [3][-]{subsubsection.5.2.2}{MLayer\137enum.t}{subsection.5.2}% 22
\BOOKMARK [1][-]{section.6}{Probl\350mes et autre remarques}{}% 23
\BOOKMARK [2][-]{subsection.6.1}{Build circulaire}{section.6}% 24
\BOOKMARK [2][-]{subsection.6.2}{De bien trop grandes ambitions...}{section.6}% 25
\BOOKMARK [3][-]{subsubsection.6.2.1}{Quelques dessins non utilis\351s dans le rendu}{subsection.6.2}% 26
\BOOKMARK [1][-]{section.7}{Annexe \046 Source}{}% 27
